<?xml version="1.0" encoding="UTF-8"?>
<!-- Generated by org.testng.reporters.JUnitReportReporter -->
<testsuite skipped="0" hostname="akhilesh-PC" name="tests.LoginTest" tests="1" failures="0" timestamp="18 Jun 2018 19:18:13 GMT" time="17.107" errors="0">
  <testcase name="verifyHomePage" time="17.107" classname="tests.LoginTest"/>
</testsuite> <!-- tests.LoginTest -->
