<?xml version="1.0" encoding="UTF-8"?>
<!-- Generated by org.testng.reporters.JUnitReportReporter -->
<testsuite skipped="0" hostname="TRANTOR262" name="tests.SubmitNewApplication" tests="1" failures="0" timestamp="06 Jul 2018 13:16:34 GMT" time="115.897" errors="0">
  <testcase name="verifySubmitNewApplication" time="115.897" classname="tests.SubmitNewApplication"/>
</testsuite> <!-- tests.SubmitNewApplication -->
