<?xml version="1.0" encoding="UTF-8"?>
<!-- Generated by org.testng.reporters.JUnitReportReporter -->
<testsuite skipped="0" hostname="TRANTOR262" name="tests.SubmitNewApplication" tests="1" failures="0" timestamp="02 Jul 2018 13:32:15 GMT" time="98.926" errors="0">
  <testcase name="verifySubmitNewApplication" time="98.926" classname="tests.SubmitNewApplication"/>
</testsuite> <!-- tests.SubmitNewApplication -->
