<?xml version="1.0" encoding="UTF-8"?>
<!-- Generated by org.testng.reporters.JUnitReportReporter -->
<testsuite skipped="0" hostname="akhilesh-PC" name="tests.SubmitNewApplication" tests="1" failures="0" timestamp="18 Jun 2018 20:49:48 GMT" time="21.251" errors="0">
  <testcase name="verifyHomePage" time="21.251" classname="tests.SubmitNewApplication"/>
</testsuite> <!-- tests.SubmitNewApplication -->
