<?xml version="1.0" encoding="UTF-8"?>
<!-- Generated by org.testng.reporters.JUnitReportReporter -->
<testsuite skipped="0" hostname="TRANTOR262" name="tests.SubmitNewApplication" tests="1" failures="0" timestamp="08 Aug 2018 10:27:00 GMT" time="206.364" errors="0">
  <testcase name="verifySubmitNewApplication" time="206.364" classname="tests.SubmitNewApplication"/>
</testsuite> <!-- tests.SubmitNewApplication -->
